2017-06-15 22:37:38 - PHP Notice:  Undefined variable: cosyone_use_retina in C:\OPENSERVER\OpenServer\domains\auster.loc\catalog\view\theme\cosyone\template\common\footer.tpl on line 120
2017-06-15 22:37:38 - PHP Notice:  Undefined variable: live_search in C:\OPENSERVER\OpenServer\domains\auster.loc\catalog\view\theme\cosyone\template\common\footer.tpl on line 179
2017-06-15 22:37:38 - PHP Notice:  Undefined variable: cosyone_cookie in C:\OPENSERVER\OpenServer\domains\auster.loc\catalog\view\theme\cosyone\template\common\footer.tpl on line 180
2017-06-15 22:37:38 - PHP Notice:  Undefined variable: cosyone_default_product_style in C:\OPENSERVER\OpenServer\domains\auster.loc\catalog\view\theme\cosyone\template\common\header.tpl on line 43
2017-06-15 22:37:38 - PHP Notice:  Undefined variable: cosyone_use_custom in C:\OPENSERVER\OpenServer\domains\auster.loc\catalog\view\theme\cosyone\template\common\header.tpl on line 43
2017-06-15 22:37:38 - PHP Notice:  Undefined variable: cosyone_use_breadcrumb in C:\OPENSERVER\OpenServer\domains\auster.loc\catalog\view\theme\cosyone\template\common\header.tpl on line 43
2017-06-15 22:37:38 - PHP Notice:  Undefined variable: header_login in C:\OPENSERVER\OpenServer\domains\auster.loc\catalog\view\theme\cosyone\template\common\header.tpl on line 79
2017-06-15 22:37:38 - PHP Notice:  Undefined variable: cosyone_header_cart in C:\OPENSERVER\OpenServer\domains\auster.loc\catalog\view\theme\cosyone\template\common\header.tpl on line 85
2017-06-15 22:37:38 - PHP Notice:  Undefined variable: cosyone_text_mobile_menu in C:\OPENSERVER\OpenServer\domains\auster.loc\catalog\view\theme\cosyone\template\common\header.tpl on line 115
2017-06-15 22:37:38 - PHP Notice:  Undefined variable: cosyone_show_home_icon in C:\OPENSERVER\OpenServer\domains\auster.loc\catalog\view\theme\cosyone\template\common\header.tpl on line 117
2017-06-15 22:37:38 - PHP Notice:  Undefined index: category_1_id in C:\OPENSERVER\OpenServer\domains\auster.loc\catalog\view\theme\cosyone\template\common\header.tpl on line 120
2017-06-15 22:37:38 - PHP Notice:  Undefined variable: category_1_id in C:\OPENSERVER\OpenServer\domains\auster.loc\catalog\view\theme\cosyone\template\common\header.tpl on line 120
2017-06-15 22:37:38 - PHP Notice:  Undefined variable: cosyone_menu_mega_second_thumb in C:\OPENSERVER\OpenServer\domains\auster.loc\catalog\view\theme\cosyone\template\common\header.tpl on line 131
2017-06-15 22:37:38 - PHP Notice:  Undefined index: children in C:\OPENSERVER\OpenServer\domains\auster.loc\catalog\view\theme\cosyone\template\common\header.tpl on line 134
2017-06-15 22:37:38 - PHP Notice:  Undefined variable: cosyone_menu_mega_second_thumb in C:\OPENSERVER\OpenServer\domains\auster.loc\catalog\view\theme\cosyone\template\common\header.tpl on line 131
2017-06-15 22:37:38 - PHP Notice:  Undefined index: children in C:\OPENSERVER\OpenServer\domains\auster.loc\catalog\view\theme\cosyone\template\common\header.tpl on line 134
2017-06-15 22:37:38 - PHP Notice:  Undefined variable: cosyone_menu_mega_second_thumb in C:\OPENSERVER\OpenServer\domains\auster.loc\catalog\view\theme\cosyone\template\common\header.tpl on line 131
2017-06-15 22:37:38 - PHP Notice:  Undefined index: children in C:\OPENSERVER\OpenServer\domains\auster.loc\catalog\view\theme\cosyone\template\common\header.tpl on line 134
2017-06-15 22:37:38 - PHP Notice:  Undefined variable: cosyone_menu_mega_second_thumb in C:\OPENSERVER\OpenServer\domains\auster.loc\catalog\view\theme\cosyone\template\common\header.tpl on line 131
2017-06-15 22:37:38 - PHP Notice:  Undefined index: children in C:\OPENSERVER\OpenServer\domains\auster.loc\catalog\view\theme\cosyone\template\common\header.tpl on line 134
2017-06-15 22:37:38 - PHP Notice:  Undefined variable: cosyone_custom_menu_block in C:\OPENSERVER\OpenServer\domains\auster.loc\catalog\view\theme\cosyone\template\common\header.tpl on line 152
2017-06-15 22:37:38 - PHP Notice:  Undefined variable: cosyone_custom_menu_title1 in C:\OPENSERVER\OpenServer\domains\auster.loc\catalog\view\theme\cosyone\template\common\header.tpl on line 158
2017-06-15 22:37:38 - PHP Notice:  Undefined variable: cosyone_custom_menu_title2 in C:\OPENSERVER\OpenServer\domains\auster.loc\catalog\view\theme\cosyone\template\common\header.tpl on line 161
2017-06-15 22:37:38 - PHP Notice:  Undefined variable: cosyone_custom_menu_title3 in C:\OPENSERVER\OpenServer\domains\auster.loc\catalog\view\theme\cosyone\template\common\header.tpl on line 164
2017-06-15 22:37:38 - PHP Notice:  Undefined variable: cosyone_custom_menu_title4 in C:\OPENSERVER\OpenServer\domains\auster.loc\catalog\view\theme\cosyone\template\common\header.tpl on line 167
2017-06-15 22:37:38 - PHP Notice:  Undefined variable: cosyone_custom_menu_title5 in C:\OPENSERVER\OpenServer\domains\auster.loc\catalog\view\theme\cosyone\template\common\header.tpl on line 170
2017-06-15 22:37:38 - PHP Notice:  Undefined variable: cosyone_custom_menu_title6 in C:\OPENSERVER\OpenServer\domains\auster.loc\catalog\view\theme\cosyone\template\common\header.tpl on line 173
2017-06-15 22:37:38 - PHP Notice:  Undefined variable: cosyone_product_zoom in C:\OPENSERVER\OpenServer\domains\auster.loc\catalog\view\theme\cosyone\template\product\product.tpl on line 305
2017-06-15 22:37:38 - PHP Notice:  Undefined variable: cosyone_percentage_sale_badge in C:\OPENSERVER\OpenServer\domains\auster.loc\catalog\view\theme\cosyone\template\product\product.tpl on line 313
2017-06-15 22:37:38 - PHP Notice:  Undefined variable: thumb_width in C:\OPENSERVER\OpenServer\domains\auster.loc\catalog\view\theme\cosyone\template\product\product.tpl on line 325
2017-06-15 22:37:38 - PHP Notice:  Undefined variable: additional_height in C:\OPENSERVER\OpenServer\domains\auster.loc\catalog\view\theme\cosyone\template\product\product.tpl on line 325
2017-06-15 22:37:38 - PHP Notice:  Undefined variable: cosyone_product_zoom in C:\OPENSERVER\OpenServer\domains\auster.loc\catalog\view\theme\cosyone\template\product\product.tpl on line 330
2017-06-15 22:37:38 - PHP Notice:  Undefined index: small in C:\OPENSERVER\OpenServer\domains\auster.loc\catalog\view\theme\cosyone\template\product\product.tpl on line 335
2017-06-15 22:37:38 - PHP Notice:  Undefined variable: additional_width in C:\OPENSERVER\OpenServer\domains\auster.loc\catalog\view\theme\cosyone\template\product\product.tpl on line 335
2017-06-15 22:37:38 - PHP Notice:  Undefined variable: additional_height in C:\OPENSERVER\OpenServer\domains\auster.loc\catalog\view\theme\cosyone\template\product\product.tpl on line 335
2017-06-15 22:37:38 - PHP Notice:  Undefined variable: cosyone_product_zoom in C:\OPENSERVER\OpenServer\domains\auster.loc\catalog\view\theme\cosyone\template\product\product.tpl on line 330
2017-06-15 22:37:38 - PHP Notice:  Undefined index: small in C:\OPENSERVER\OpenServer\domains\auster.loc\catalog\view\theme\cosyone\template\product\product.tpl on line 335
2017-06-15 22:37:38 - PHP Notice:  Undefined variable: additional_width in C:\OPENSERVER\OpenServer\domains\auster.loc\catalog\view\theme\cosyone\template\product\product.tpl on line 335
2017-06-15 22:37:38 - PHP Notice:  Undefined variable: additional_height in C:\OPENSERVER\OpenServer\domains\auster.loc\catalog\view\theme\cosyone\template\product\product.tpl on line 335
2017-06-15 22:37:38 - PHP Notice:  Undefined variable: cosyone_product_zoom in C:\OPENSERVER\OpenServer\domains\auster.loc\catalog\view\theme\cosyone\template\product\product.tpl on line 330
2017-06-15 22:37:38 - PHP Notice:  Undefined index: small in C:\OPENSERVER\OpenServer\domains\auster.loc\catalog\view\theme\cosyone\template\product\product.tpl on line 335
2017-06-15 22:37:38 - PHP Notice:  Undefined variable: additional_width in C:\OPENSERVER\OpenServer\domains\auster.loc\catalog\view\theme\cosyone\template\product\product.tpl on line 335
2017-06-15 22:37:38 - PHP Notice:  Undefined variable: additional_height in C:\OPENSERVER\OpenServer\domains\auster.loc\catalog\view\theme\cosyone\template\product\product.tpl on line 335
2017-06-15 22:37:38 - PHP Notice:  Undefined variable: cosyone_product_zoom in C:\OPENSERVER\OpenServer\domains\auster.loc\catalog\view\theme\cosyone\template\product\product.tpl on line 330
2017-06-15 22:37:38 - PHP Notice:  Undefined index: small in C:\OPENSERVER\OpenServer\domains\auster.loc\catalog\view\theme\cosyone\template\product\product.tpl on line 335
2017-06-15 22:37:38 - PHP Notice:  Undefined variable: additional_width in C:\OPENSERVER\OpenServer\domains\auster.loc\catalog\view\theme\cosyone\template\product\product.tpl on line 335
2017-06-15 22:37:38 - PHP Notice:  Undefined variable: additional_height in C:\OPENSERVER\OpenServer\domains\auster.loc\catalog\view\theme\cosyone\template\product\product.tpl on line 335
2017-06-15 22:37:38 - PHP Notice:  Undefined variable: cosyone_product_zoom in C:\OPENSERVER\OpenServer\domains\auster.loc\catalog\view\theme\cosyone\template\product\product.tpl on line 330
2017-06-15 22:37:38 - PHP Notice:  Undefined index: small in C:\OPENSERVER\OpenServer\domains\auster.loc\catalog\view\theme\cosyone\template\product\product.tpl on line 335
2017-06-15 22:37:38 - PHP Notice:  Undefined variable: additional_width in C:\OPENSERVER\OpenServer\domains\auster.loc\catalog\view\theme\cosyone\template\product\product.tpl on line 335
2017-06-15 22:37:38 - PHP Notice:  Undefined variable: additional_height in C:\OPENSERVER\OpenServer\domains\auster.loc\catalog\view\theme\cosyone\template\product\product.tpl on line 335
2017-06-15 22:37:38 - PHP Notice:  Undefined variable: cosyone_product_zoom in C:\OPENSERVER\OpenServer\domains\auster.loc\catalog\view\theme\cosyone\template\product\product.tpl on line 339
2017-06-15 22:37:38 - PHP Notice:  Undefined variable: cosyone_product_share in C:\OPENSERVER\OpenServer\domains\auster.loc\catalog\view\theme\cosyone\template\product\product.tpl on line 346
2017-06-15 22:37:38 - PHP Notice:  Undefined variable: direction in C:\OPENSERVER\OpenServer\domains\auster.loc\catalog\view\theme\cosyone\template\product\product.tpl on line 360
2017-06-15 22:37:38 - PHP Notice:  Undefined variable: thumb_width in C:\OPENSERVER\OpenServer\domains\auster.loc\catalog\view\theme\cosyone\template\product\product.tpl on line 360
2017-06-15 22:37:38 - PHP Notice:  Undefined variable: cosyone_product_yousave in C:\OPENSERVER\OpenServer\domains\auster.loc\catalog\view\theme\cosyone\template\product\product.tpl on line 624
2017-06-15 22:37:38 - PHP Notice:  Undefined variable: currency_code in C:\OPENSERVER\OpenServer\domains\auster.loc\catalog\view\theme\cosyone\template\product\product.tpl on line 649
2017-06-15 22:37:38 - PHP Notice:  Undefined variable: cosyone_product_yousave in C:\OPENSERVER\OpenServer\domains\auster.loc\catalog\view\theme\cosyone\template\product\product.tpl on line 651
2017-06-15 22:37:38 - PHP Notice:  Undefined variable: special_date_end in C:\OPENSERVER\OpenServer\domains\auster.loc\catalog\view\theme\cosyone\template\product\product.tpl on line 662
2017-06-15 22:37:38 - PHP Notice:  Undefined variable: product_tabs_5 in C:\OPENSERVER\OpenServer\domains\auster.loc\catalog\view\theme\cosyone\template\product\product.tpl on line 1009
2017-06-15 22:37:38 - PHP Notice:  Undefined variable: product_tabs_5 in C:\OPENSERVER\OpenServer\domains\auster.loc\catalog\view\theme\cosyone\template\product\product.tpl on line 1253
2017-06-15 22:37:38 - PHP Notice:  Undefined variable: cosyone_grid_related in C:\OPENSERVER\OpenServer\domains\auster.loc\catalog\view\theme\cosyone\template\product\product.tpl on line 1268
2017-06-15 22:37:38 - PHP Notice:  Undefined variable: special_date_end in C:\OPENSERVER\OpenServer\domains\auster.loc\catalog\view\theme\cosyone\template\product\product.tpl on line 1377
2017-06-16 1:00:23 - PHP Notice:  Undefined offset: 3 in C:\OPENSERVER\OpenServer\domains\auster.loc\admin\view\template\blog\blog_setting.tpl on line 64
2017-06-16 1:00:23 - PHP Notice:  Undefined offset: 3 in C:\OPENSERVER\OpenServer\domains\auster.loc\admin\view\template\blog\blog_setting.tpl on line 71
2017-06-16 1:00:23 - PHP Notice:  Undefined offset: 3 in C:\OPENSERVER\OpenServer\domains\auster.loc\admin\view\template\blog\blog_setting.tpl on line 92
2017-06-16 1:00:34 - PHP Notice:  Undefined index: image in C:\OPENSERVER\OpenServer\domains\auster.loc\admin\view\template\design\special_offers_form.tpl on line 38
2017-06-16 1:00:34 - PHP Notice:  Undefined index: image in C:\OPENSERVER\OpenServer\domains\auster.loc\admin\view\template\design\special_offers_form.tpl on line 38
2017-06-16 1:00:34 - PHP Notice:  Undefined variable: button_remove in C:\OPENSERVER\OpenServer\domains\auster.loc\admin\view\template\design\special_offers_form.tpl on line 216
2017-06-16 1:06:33 - PHP Notice:  Undefined index: image in C:\OPENSERVER\OpenServer\domains\auster.loc\admin\view\template\design\special_offers_form.tpl on line 38
2017-06-16 1:06:33 - PHP Notice:  Undefined index: image in C:\OPENSERVER\OpenServer\domains\auster.loc\admin\view\template\design\special_offers_form.tpl on line 38
2017-06-16 1:06:33 - PHP Notice:  Undefined variable: button_remove in C:\OPENSERVER\OpenServer\domains\auster.loc\admin\view\template\design\special_offers_form.tpl on line 132
2017-06-16 1:06:33 - PHP Notice:  Undefined variable: button_remove in C:\OPENSERVER\OpenServer\domains\auster.loc\admin\view\template\design\special_offers_form.tpl on line 132
2017-06-16 1:06:33 - PHP Notice:  Undefined variable: button_remove in C:\OPENSERVER\OpenServer\domains\auster.loc\admin\view\template\design\special_offers_form.tpl on line 132
2017-06-16 1:06:33 - PHP Notice:  Undefined variable: button_remove in C:\OPENSERVER\OpenServer\domains\auster.loc\admin\view\template\design\special_offers_form.tpl on line 132
2017-06-16 1:06:33 - PHP Notice:  Undefined variable: button_remove in C:\OPENSERVER\OpenServer\domains\auster.loc\admin\view\template\design\special_offers_form.tpl on line 132
2017-06-16 1:06:33 - PHP Notice:  Undefined variable: button_remove in C:\OPENSERVER\OpenServer\domains\auster.loc\admin\view\template\design\special_offers_form.tpl on line 132
2017-06-16 1:06:33 - PHP Notice:  Undefined variable: button_remove in C:\OPENSERVER\OpenServer\domains\auster.loc\admin\view\template\design\special_offers_form.tpl on line 132
2017-06-16 1:06:33 - PHP Notice:  Undefined variable: button_remove in C:\OPENSERVER\OpenServer\domains\auster.loc\admin\view\template\design\special_offers_form.tpl on line 132
2017-06-16 1:06:33 - PHP Notice:  Undefined variable: button_remove in C:\OPENSERVER\OpenServer\domains\auster.loc\admin\view\template\design\special_offers_form.tpl on line 132
2017-06-16 1:06:33 - PHP Notice:  Undefined variable: button_remove in C:\OPENSERVER\OpenServer\domains\auster.loc\admin\view\template\design\special_offers_form.tpl on line 216
