---------- Date: 2017-06-13 00:21:47 ~ IP : 127.0.0.1 ----------
REQUEST URI : /?name=&phone=&mail=
MOD DETAILS:
   modFile   : C:\OPENSERVER\OpenServer\domains\auster.loc\vqmod/xml/all.install.ocmod.xml
   id        : 
   version   : OpenCart Version 2.2
   vqmver    : 2.0.0
   author    : Rupak Nepali

File Name    : catalog/view/theme/*/template/common/header.tpl(0)
VQModObject::applyMod - SEARCH NOT FOUND (ABORTING MOD): <ul class="nav navbar-nav">
----------------------------------------------------------------------


---------- Date: 2017-06-13 00:24:26 ~ IP : 127.0.0.1 ----------
REQUEST URI : /?name=&phone=&mail=
MOD DETAILS:
   modFile   : C:\OPENSERVER\OpenServer\domains\auster.loc\vqmod/xml/all.install.ocmod.xml
   id        : 
   version   : OpenCart Version 2.2
   vqmver    : 2.0.0
   author    : Rupak Nepali

File Name    : catalog/view/theme/*/template/common/header.tpl(0)
VQModObject::applyMod - SEARCH NOT FOUND (ABORTING MOD): <ul class="nav navbar-nav">
----------------------------------------------------------------------


---------- Date: 2017-06-13 00:24:44 ~ IP : 127.0.0.1 ----------
REQUEST URI : /?name=&phone=&mail=
MOD DETAILS:
   modFile   : C:\OPENSERVER\OpenServer\domains\auster.loc\vqmod/xml/all.install.ocmod.xml
   id        : 
   version   : OpenCart Version 2.2
   vqmver    : 2.0.0
   author    : Rupak Nepali

File Name    : catalog/view/theme/*/template/common/header.tpl(0)
VQModObject::applyMod - SEARCH NOT FOUND (ABORTING MOD): <ul class="nav navbar-nav">
----------------------------------------------------------------------


---------- Date: 2017-06-13 00:25:05 ~ IP : 127.0.0.1 ----------
REQUEST URI : /?name=&phone=&mail=
MOD DETAILS:
   modFile   : C:\OPENSERVER\OpenServer\domains\auster.loc\vqmod/xml/all.install.ocmod.xml
   id        : 
   version   : OpenCart Version 2.2
   vqmver    : 2.0.0
   author    : Rupak Nepali

File Name    : catalog/view/theme/*/template/common/header.tpl(0)
VQModObject::applyMod - SEARCH NOT FOUND (ABORTING MOD): <ul class="nav navbar-nav">
----------------------------------------------------------------------


---------- Date: 2017-06-13 00:25:25 ~ IP : 127.0.0.1 ----------
REQUEST URI : /?name=&phone=&mail=
MOD DETAILS:
   modFile   : C:\OPENSERVER\OpenServer\domains\auster.loc\vqmod/xml/all.install.ocmod.xml
   id        : 
   version   : OpenCart Version 2.2
   vqmver    : 2.0.0
   author    : Rupak Nepali

File Name    : catalog/view/theme/*/template/common/header.tpl(0)
VQModObject::applyMod - SEARCH NOT FOUND (ABORTING MOD): <ul class="nav navbar-nav">
----------------------------------------------------------------------


---------- Date: 2017-06-13 00:25:43 ~ IP : 127.0.0.1 ----------
REQUEST URI : /?name=&phone=&mail=
MOD DETAILS:
   modFile   : C:\OPENSERVER\OpenServer\domains\auster.loc\vqmod/xml/all.install.ocmod.xml
   id        : 
   version   : OpenCart Version 2.2
   vqmver    : 2.0.0
   author    : Rupak Nepali

File Name    : catalog/view/theme/*/template/common/header.tpl(0)
VQModObject::applyMod - SEARCH NOT FOUND (ABORTING MOD): <ul class="nav navbar-nav">
----------------------------------------------------------------------


---------- Date: 2017-06-13 01:25:44 ~ IP : 127.0.0.1 ----------
REQUEST URI : /?name=&phone=&mail=
MOD DETAILS:
   modFile   : C:\OPENSERVER\OpenServer\domains\auster.loc\vqmod/xml/all.install.ocmod.xml
   id        : 
   version   : OpenCart Version 2.2
   vqmver    : 2.0.0
   author    : Rupak Nepali

File Name    : catalog/view/theme/*/template/common/header.tpl(0)
VQModObject::applyMod - SEARCH NOT FOUND (ABORTING MOD): <ul class="nav navbar-nav">
----------------------------------------------------------------------


---------- Date: 2017-06-13 01:26:05 ~ IP : 127.0.0.1 ----------
REQUEST URI : /?name=&phone=&mail=
MOD DETAILS:
   modFile   : C:\OPENSERVER\OpenServer\domains\auster.loc\vqmod/xml/all.install.ocmod.xml
   id        : 
   version   : OpenCart Version 2.2
   vqmver    : 2.0.0
   author    : Rupak Nepali

File Name    : catalog/view/theme/*/template/common/header.tpl(0)
VQModObject::applyMod - SEARCH NOT FOUND (ABORTING MOD): <ul class="nav navbar-nav">
----------------------------------------------------------------------


