---------- Date: 2017-06-14 01:22:17 ~ IP : 127.0.0.1 ----------
REQUEST URI : /index.php?route=product/category&path=59
MOD DETAILS:
   modFile   : C:\OPENSERVER\OpenServer\domains\auster.loc\vqmod/xml/cosyone_blog.xml
   id        : OPENCART BLOG
   version   : 1.0
   vqmver    : 2.5.0
   author    : Karl Pers - openthemer@gmail.com

File Name    : catalog/controller/startup/seo_url.php(4)
VQModObject::applyMod - SEARCH NOT FOUND (SKIPPED): ($data['route'] == 'information/information' && $key == 'information_id'))
MOD DETAILS:
   modFile   : C:\OPENSERVER\OpenServer\domains\auster.loc\vqmod/xml/all.install.ocmod.xml
   id        : 
   version   : OpenCart Version 2.2
   vqmver    : 2.0.0
   author    : Rupak Nepali

File Name    : catalog/view/theme/*/template/common/header.tpl(0)
VQModObject::applyMod - SEARCH NOT FOUND (ABORTING MOD): <ul class="nav navbar-nav">
----------------------------------------------------------------------


---------- Date: 2017-06-14 01:22:29 ~ IP : 127.0.0.1 ----------
REQUEST URI : /test
MOD DETAILS:
   modFile   : C:\OPENSERVER\OpenServer\domains\auster.loc\vqmod/xml/cosyone_product_questions.xml
   id        : Product Questions
   version   : OC 2.x
   vqmver    : 2.0.0
   author    : Karl Pers - openthemer@gmail.com

File Name    : catalog/view/theme/*/template/product/product.tpl(2)
VQModObject::applyMod - SEARCH NOT FOUND (SKIPPED): <i class="fa fa-arrow-right"></i><i class="fa fa-arrow-left main_compare">
----------------------------------------------------------------------


---------- Date: 2017-06-14 22:35:26 ~ IP : 127.0.0.1 ----------
REQUEST URI : /
MOD DETAILS:
   modFile   : C:\OPENSERVER\OpenServer\domains\auster.loc\vqmod/xml/cosyone_blog.xml
   id        : OPENCART BLOG
   version   : 1.0
   vqmver    : 2.5.0
   author    : Karl Pers - openthemer@gmail.com

File Name    : catalog/controller/startup/seo_url.php(4)
VQModObject::applyMod - SEARCH NOT FOUND (SKIPPED): ($data['route'] == 'information/information' && $key == 'information_id'))
MOD DETAILS:
   modFile   : C:\OPENSERVER\OpenServer\domains\auster.loc\vqmod/xml/all.install.ocmod.xml
   id        : 
   version   : OpenCart Version 2.2
   vqmver    : 2.0.0
   author    : Rupak Nepali

File Name    : catalog/view/theme/*/template/common/header.tpl(0)
VQModObject::applyMod - SEARCH NOT FOUND (ABORTING MOD): <ul class="nav navbar-nav">
----------------------------------------------------------------------


---------- Date: 2017-06-14 22:36:48 ~ IP : 127.0.0.1 ----------
REQUEST URI : /test
MOD DETAILS:
   modFile   : C:\OPENSERVER\OpenServer\domains\auster.loc\vqmod/xml/cosyone_product_questions.xml
   id        : Product Questions
   version   : OC 2.x
   vqmver    : 2.0.0
   author    : Karl Pers - openthemer@gmail.com

File Name    : catalog/view/theme/*/template/product/product.tpl(2)
VQModObject::applyMod - SEARCH NOT FOUND (SKIPPED): <i class="fa fa-arrow-right"></i><i class="fa fa-arrow-left main_compare">
----------------------------------------------------------------------


