---------- Date: 2017-06-08 22:58:57 ~ IP : 127.0.0.1 ----------
REQUEST URI : /test
MOD DETAILS:
   modFile   : C:\OPENSERVER\OpenServer\domains\auster.loc\vqmod/xml/cosyone_product_questions.xml
   id        : Product Questions
   version   : OC 2.x
   vqmver    : 2.0.0
   author    : Karl Pers - openthemer@gmail.com

File Name    : catalog/view/theme/*/template/product/product.tpl(2)
VQModObject::applyMod - SEARCH NOT FOUND (SKIPPED): <i class="fa fa-arrow-right"></i><i class="fa fa-arrow-left main_compare">
----------------------------------------------------------------------


---------- Date: 2017-06-08 23:02:31 ~ IP : 127.0.0.1 ----------
REQUEST URI : /test
MOD DETAILS:
   modFile   : C:\OPENSERVER\OpenServer\domains\auster.loc\vqmod/xml/cosyone_product_questions.xml
   id        : Product Questions
   version   : OC 2.x
   vqmver    : 2.0.0
   author    : Karl Pers - openthemer@gmail.com

File Name    : catalog/view/theme/*/template/product/product.tpl(2)
VQModObject::applyMod - SEARCH NOT FOUND (SKIPPED): <i class="fa fa-arrow-right"></i><i class="fa fa-arrow-left main_compare">
----------------------------------------------------------------------


